\BOOKMARK [0][-]{chapter.1}{\376\377\0001\000\040\000V\000E\000X\000-\0007\0000\0009\000S\000-\0002\0000\0001\0008}{}% 1
\BOOKMARK [0][-]{chapter.2}{\376\377\0002\000\040\000N\000a\000m\000e\000s\000p\000a\000c\000e\000\040\000I\000n\000d\000e\000x}{}% 2
\BOOKMARK [1][-]{section.2.1}{\376\377\0002\000.\0001\000\040\000N\000a\000m\000e\000s\000p\000a\000c\000e\000\040\000L\000i\000s\000t}{chapter.2}% 3
\BOOKMARK [0][-]{chapter.3}{\376\377\0003\000\040\000H\000i\000e\000r\000a\000r\000c\000h\000i\000c\000a\000l\000\040\000I\000n\000d\000e\000x}{}% 4
\BOOKMARK [1][-]{section.3.1}{\376\377\0003\000.\0001\000\040\000C\000l\000a\000s\000s\000\040\000H\000i\000e\000r\000a\000r\000c\000h\000y}{chapter.3}% 5
\BOOKMARK [0][-]{chapter.4}{\376\377\0004\000\040\000C\000l\000a\000s\000s\000\040\000I\000n\000d\000e\000x}{}% 6
\BOOKMARK [1][-]{section.4.1}{\376\377\0004\000.\0001\000\040\000C\000l\000a\000s\000s\000\040\000L\000i\000s\000t}{chapter.4}% 7
\BOOKMARK [0][-]{chapter.5}{\376\377\0005\000\040\000F\000i\000l\000e\000\040\000I\000n\000d\000e\000x}{}% 8
\BOOKMARK [1][-]{section.5.1}{\376\377\0005\000.\0001\000\040\000F\000i\000l\000e\000\040\000L\000i\000s\000t}{chapter.5}% 9
\BOOKMARK [0][-]{chapter.6}{\376\377\0006\000\040\000N\000a\000m\000e\000s\000p\000a\000c\000e\000\040\000D\000o\000c\000u\000m\000e\000n\000t\000a\000t\000i\000o\000n}{}% 10
\BOOKMARK [1][-]{section.6.1}{\376\377\0006\000.\0001\000\040\000d\000e\000b\000u\000g\000\040\000N\000a\000m\000e\000s\000p\000a\000c\000e\000\040\000R\000e\000f\000e\000r\000e\000n\000c\000e}{chapter.6}% 11
\BOOKMARK [2][-]{subsection.6.1.1}{\376\377\0006\000.\0001\000.\0001\000\040\000D\000e\000t\000a\000i\000l\000e\000d\000\040\000D\000e\000s\000c\000r\000i\000p\000t\000i\000o\000n}{section.6.1}% 12
\BOOKMARK [2][-]{subsection.6.1.2}{\376\377\0006\000.\0001\000.\0002\000\040\000F\000u\000n\000c\000t\000i\000o\000n\000\040\000D\000o\000c\000u\000m\000e\000n\000t\000a\000t\000i\000o\000n}{section.6.1}% 13
\BOOKMARK [3][-]{subsubsection.6.1.2.1}{\376\377\0006\000.\0001\000.\0002\000.\0001\000\040\000d\000e\000b\000u\000g\000\050\000\051}{subsection.6.1.2}% 14
\BOOKMARK [1][-]{section.6.2}{\376\377\0006\000.\0002\000\040\000d\000r\000i\000v\000e\000\040\000N\000a\000m\000e\000s\000p\000a\000c\000e\000\040\000R\000e\000f\000e\000r\000e\000n\000c\000e}{chapter.6}% 15
\BOOKMARK [2][-]{subsection.6.2.1}{\376\377\0006\000.\0002\000.\0001\000\040\000D\000e\000t\000a\000i\000l\000e\000d\000\040\000D\000e\000s\000c\000r\000i\000p\000t\000i\000o\000n}{section.6.2}% 16
\BOOKMARK [2][-]{subsection.6.2.2}{\376\377\0006\000.\0002\000.\0002\000\040\000F\000u\000n\000c\000t\000i\000o\000n\000\040\000D\000o\000c\000u\000m\000e\000n\000t\000a\000t\000i\000o\000n}{section.6.2}% 17
\BOOKMARK [3][-]{subsubsection.6.2.2.1}{\376\377\0006\000.\0002\000.\0002\000.\0001\000\040\000i\000n\000c\000h\000e\000s\000\050\000\051}{subsection.6.2.2}% 18
\BOOKMARK [3][-]{subsubsection.6.2.2.2}{\376\377\0006\000.\0002\000.\0002\000.\0002\000\040\000i\000n\000i\000t\000\050\000\051}{subsection.6.2.2}% 19
\BOOKMARK [3][-]{subsubsection.6.2.2.3}{\376\377\0006\000.\0002\000.\0002\000.\0003\000\040\000s\000e\000t\000\050\000\051}{subsection.6.2.2}% 20
\BOOKMARK [3][-]{subsubsection.6.2.2.4}{\376\377\0006\000.\0002\000.\0002\000.\0004\000\040\000t\000a\000n\000k\000\050\000\051}{subsection.6.2.2}% 21
\BOOKMARK [2][-]{subsection.6.2.3}{\376\377\0006\000.\0002\000.\0003\000\040\000V\000a\000r\000i\000a\000b\000l\000e\000\040\000D\000o\000c\000u\000m\000e\000n\000t\000a\000t\000i\000o\000n}{section.6.2}% 22
\BOOKMARK [3][-]{subsubsection.6.2.3.1}{\376\377\0006\000.\0002\000.\0003\000.\0001\000\040\000i\000n\000c\000h}{subsection.6.2.3}% 23
\BOOKMARK [3][-]{subsubsection.6.2.3.2}{\376\377\0006\000.\0002\000.\0003\000.\0002\000\040\000l\000e\000f\000t}{subsection.6.2.3}% 24
\BOOKMARK [3][-]{subsubsection.6.2.3.3}{\376\377\0006\000.\0002\000.\0003\000.\0003\000\040\000r\000i\000g\000h\000t}{subsection.6.2.3}% 25
\BOOKMARK [1][-]{section.6.3}{\376\377\0006\000.\0003\000\040\000d\000r\000i\000v\000e\000:\000:\000a\000c\000c\000e\000l\000\040\000N\000a\000m\000e\000s\000p\000a\000c\000e\000\040\000R\000e\000f\000e\000r\000e\000n\000c\000e}{chapter.6}% 26
\BOOKMARK [2][-]{subsection.6.3.1}{\376\377\0006\000.\0003\000.\0001\000\040\000D\000e\000t\000a\000i\000l\000e\000d\000\040\000D\000e\000s\000c\000r\000i\000p\000t\000i\000o\000n}{section.6.3}% 27
\BOOKMARK [2][-]{subsection.6.3.2}{\376\377\0006\000.\0003\000.\0002\000\040\000F\000u\000n\000c\000t\000i\000o\000n\000\040\000D\000o\000c\000u\000m\000e\000n\000t\000a\000t\000i\000o\000n}{section.6.3}% 28
\BOOKMARK [3][-]{subsubsection.6.3.2.1}{\376\377\0006\000.\0003\000.\0002\000.\0001\000\040\000d\000r\000i\000v\000e\000\050\000\051}{subsection.6.3.2}% 29
\BOOKMARK [2][-]{subsection.6.3.3}{\376\377\0006\000.\0003\000.\0003\000\040\000V\000a\000r\000i\000a\000b\000l\000e\000\040\000D\000o\000c\000u\000m\000e\000n\000t\000a\000t\000i\000o\000n}{section.6.3}% 30
\BOOKMARK [3][-]{subsubsection.6.3.3.1}{\376\377\0006\000.\0003\000.\0003\000.\0001\000\040\000p\000r\000e\000v\000X}{subsection.6.3.3}% 31
\BOOKMARK [3][-]{subsubsection.6.3.3.2}{\376\377\0006\000.\0003\000.\0003\000.\0002\000\040\000p\000r\000e\000v\000Y}{subsection.6.3.3}% 32
\BOOKMARK [3][-]{subsubsection.6.3.3.3}{\376\377\0006\000.\0003\000.\0003\000.\0003\000\040\000x}{subsection.6.3.3}% 33
\BOOKMARK [3][-]{subsubsection.6.3.3.4}{\376\377\0006\000.\0003\000.\0003\000.\0004\000\040\000y}{subsection.6.3.3}% 34
\BOOKMARK [1][-]{section.6.4}{\376\377\0006\000.\0004\000\040\000l\000i\000f\000t\000\040\000N\000a\000m\000e\000s\000p\000a\000c\000e\000\040\000R\000e\000f\000e\000r\000e\000n\000c\000e}{chapter.6}% 35
\BOOKMARK [2][-]{subsection.6.4.1}{\376\377\0006\000.\0004\000.\0001\000\040\000D\000e\000t\000a\000i\000l\000e\000d\000\040\000D\000e\000s\000c\000r\000i\000p\000t\000i\000o\000n}{section.6.4}% 36
\BOOKMARK [2][-]{subsection.6.4.2}{\376\377\0006\000.\0004\000.\0002\000\040\000E\000n\000u\000m\000e\000r\000a\000t\000i\000o\000n\000\040\000T\000y\000p\000e\000\040\000D\000o\000c\000u\000m\000e\000n\000t\000a\000t\000i\000o\000n}{section.6.4}% 37
\BOOKMARK [3][-]{subsubsection.6.4.2.1}{\376\377\0006\000.\0004\000.\0002\000.\0001\000\040\000p\000o\000s\000i\000t\000i\000o\000n}{subsection.6.4.2}% 38
\BOOKMARK [2][-]{subsection.6.4.3}{\376\377\0006\000.\0004\000.\0003\000\040\000F\000u\000n\000c\000t\000i\000o\000n\000\040\000D\000o\000c\000u\000m\000e\000n\000t\000a\000t\000i\000o\000n}{section.6.4}% 39
\BOOKMARK [3][-]{subsubsection.6.4.3.1}{\376\377\0006\000.\0004\000.\0003\000.\0001\000\040\000i\000n\000i\000t\000\050\000\051}{subsection.6.4.3}% 40
\BOOKMARK [3][-]{subsubsection.6.4.3.2}{\376\377\0006\000.\0004\000.\0003\000.\0002\000\040\000s\000e\000t\000\050\000\051}{subsection.6.4.3}% 41
\BOOKMARK [3][-]{subsubsection.6.4.3.3}{\376\377\0006\000.\0004\000.\0003\000.\0003\000\040\000t\000o\000\050\000\051}{subsection.6.4.3}% 42
\BOOKMARK [2][-]{subsection.6.4.4}{\376\377\0006\000.\0004\000.\0004\000\040\000V\000a\000r\000i\000a\000b\000l\000e\000\040\000D\000o\000c\000u\000m\000e\000n\000t\000a\000t\000i\000o\000n}{section.6.4}% 43
\BOOKMARK [3][-]{subsubsection.6.4.4.1}{\376\377\0006\000.\0004\000.\0004\000.\0001\000\040\000l\000e\000f\000t}{subsection.6.4.4}% 44
\BOOKMARK [3][-]{subsubsection.6.4.4.2}{\376\377\0006\000.\0004\000.\0004\000.\0002\000\040\000r\000i\000g\000h\000t}{subsection.6.4.4}% 45
\BOOKMARK [3][-]{subsubsection.6.4.4.3}{\376\377\0006\000.\0004\000.\0004\000.\0003\000\040\000s\000e\000n\000s\000o\000r}{subsection.6.4.4}% 46
\BOOKMARK [1][-]{section.6.5}{\376\377\0006\000.\0005\000\040\000m\000o\000t\000o\000r\000s\000\040\000N\000a\000m\000e\000s\000p\000a\000c\000e\000\040\000R\000e\000f\000e\000r\000e\000n\000c\000e}{chapter.6}% 47
\BOOKMARK [2][-]{subsection.6.5.1}{\376\377\0006\000.\0005\000.\0001\000\040\000D\000e\000t\000a\000i\000l\000e\000d\000\040\000D\000e\000s\000c\000r\000i\000p\000t\000i\000o\000n}{section.6.5}% 48
\BOOKMARK [2][-]{subsection.6.5.2}{\376\377\0006\000.\0005\000.\0002\000\040\000F\000u\000n\000c\000t\000i\000o\000n\000\040\000D\000o\000c\000u\000m\000e\000n\000t\000a\000t\000i\000o\000n}{section.6.5}% 49
\BOOKMARK [3][-]{subsubsection.6.5.2.1}{\376\377\0006\000.\0005\000.\0002\000.\0001\000\040\000g\000e\000t\000\050\000\051}{subsection.6.5.2}% 50
\BOOKMARK [3][-]{subsubsection.6.5.2.2}{\376\377\0006\000.\0005\000.\0002\000.\0002\000\040\000i\000n\000i\000t\000\050\000\051}{subsection.6.5.2}% 51
\BOOKMARK [3][-]{subsubsection.6.5.2.3}{\376\377\0006\000.\0005\000.\0002\000.\0003\000\040\000s\000e\000t\000\050\000\051}{subsection.6.5.2}% 52
\BOOKMARK [1][-]{section.6.6}{\376\377\0006\000.\0006\000\040\000m\000o\000t\000o\000r\000s\000:\000:\000s\000l\000e\000w\000\040\000N\000a\000m\000e\000s\000p\000a\000c\000e\000\040\000R\000e\000f\000e\000r\000e\000n\000c\000e}{chapter.6}% 53
\BOOKMARK [2][-]{subsection.6.6.1}{\376\377\0006\000.\0006\000.\0001\000\040\000D\000e\000t\000a\000i\000l\000e\000d\000\040\000D\000e\000s\000c\000r\000i\000p\000t\000i\000o\000n}{section.6.6}% 54
\BOOKMARK [2][-]{subsection.6.6.2}{\376\377\0006\000.\0006\000.\0002\000\040\000F\000u\000n\000c\000t\000i\000o\000n\000\040\000D\000o\000c\000u\000m\000e\000n\000t\000a\000t\000i\000o\000n}{section.6.6}% 55
\BOOKMARK [3][-]{subsubsection.6.6.2.1}{\376\377\0006\000.\0006\000.\0002\000.\0001\000\040\000i\000n\000i\000t\000\050\000\051}{subsection.6.6.2}% 56
\BOOKMARK [2][-]{subsection.6.6.3}{\376\377\0006\000.\0006\000.\0003\000\040\000V\000a\000r\000i\000a\000b\000l\000e\000\040\000D\000o\000c\000u\000m\000e\000n\000t\000a\000t\000i\000o\000n}{section.6.6}% 57
\BOOKMARK [3][-]{subsubsection.6.6.3.1}{\376\377\0006\000.\0006\000.\0003\000.\0001\000\040\000h\000a\000n\000d\000l\000e}{subsection.6.6.3}% 58
\BOOKMARK [3][-]{subsubsection.6.6.3.2}{\376\377\0006\000.\0006\000.\0003\000.\0002\000\040\000l\000i\000s\000t}{subsection.6.6.3}% 59
\BOOKMARK [1][-]{section.6.7}{\376\377\0006\000.\0007\000\040\000p\000i\000d\000\040\000N\000a\000m\000e\000s\000p\000a\000c\000e\000\040\000R\000e\000f\000e\000r\000e\000n\000c\000e}{chapter.6}% 60
\BOOKMARK [2][-]{subsection.6.7.1}{\376\377\0006\000.\0007\000.\0001\000\040\000D\000e\000t\000a\000i\000l\000e\000d\000\040\000D\000e\000s\000c\000r\000i\000p\000t\000i\000o\000n}{section.6.7}% 61
\BOOKMARK [2][-]{subsection.6.7.2}{\376\377\0006\000.\0007\000.\0002\000\040\000F\000u\000n\000c\000t\000i\000o\000n\000\040\000D\000o\000c\000u\000m\000e\000n\000t\000a\000t\000i\000o\000n}{section.6.7}% 62
\BOOKMARK [3][-]{subsubsection.6.7.2.1}{\376\377\0006\000.\0007\000.\0002\000.\0001\000\040\000c\000o\000n\000t\000r\000o\000l\000l\000e\000r\000\050\000\051}{subsection.6.7.2}% 63
\BOOKMARK [3][-]{subsubsection.6.7.2.2}{\376\377\0006\000.\0007\000.\0002\000.\0002\000\040\000d\000i\000s\000a\000b\000l\000e\000\050\000\051}{subsection.6.7.2}% 64
\BOOKMARK [3][-]{subsubsection.6.7.2.3}{\376\377\0006\000.\0007\000.\0002\000.\0003\000\040\000e\000n\000a\000b\000l\000e\000\050\000\051}{subsection.6.7.2}% 65
\BOOKMARK [3][-]{subsubsection.6.7.2.4}{\376\377\0006\000.\0007\000.\0002\000.\0004\000\040\000g\000o\000\050\000\051}{subsection.6.7.2}% 66
\BOOKMARK [3][-]{subsubsection.6.7.2.5}{\376\377\0006\000.\0007\000.\0002\000.\0005\000\040\000i\000n\000i\000t\000\050\000\051}{subsection.6.7.2}% 67
\BOOKMARK [3][-]{subsubsection.6.7.2.6}{\376\377\0006\000.\0007\000.\0002\000.\0006\000\040\000r\000e\000q\000u\000e\000s\000t\000\050\000\051}{subsection.6.7.2}% 68
\BOOKMARK [3][-]{subsubsection.6.7.2.7}{\376\377\0006\000.\0007\000.\0002\000.\0007\000\040\000s\000t\000o\000p\000\050\000\051}{subsection.6.7.2}% 69
\BOOKMARK [3][-]{subsubsection.6.7.2.8}{\376\377\0006\000.\0007\000.\0002\000.\0008\000\040\000w\000a\000i\000t\000\050\000\051}{subsection.6.7.2}% 70
\BOOKMARK [2][-]{subsection.6.7.3}{\376\377\0006\000.\0007\000.\0003\000\040\000V\000a\000r\000i\000a\000b\000l\000e\000\040\000D\000o\000c\000u\000m\000e\000n\000t\000a\000t\000i\000o\000n}{section.6.7}% 71
\BOOKMARK [3][-]{subsubsection.6.7.3.1}{\376\377\0006\000.\0007\000.\0003\000.\0001\000\040\000d\000e\000f\000a\000u\000l\000t\000\137\000p\000r\000e\000c\000i\000s\000i\000o\000n}{subsection.6.7.3}% 72
\BOOKMARK [3][-]{subsubsection.6.7.3.2}{\376\377\0006\000.\0007\000.\0003\000.\0002\000\040\000e\000n\000a\000b\000l\000e\000d}{subsection.6.7.3}% 73
\BOOKMARK [3][-]{subsubsection.6.7.3.3}{\376\377\0006\000.\0007\000.\0003\000.\0003\000\040\000K\000d}{subsection.6.7.3}% 74
\BOOKMARK [3][-]{subsubsection.6.7.3.4}{\376\377\0006\000.\0007\000.\0003\000.\0004\000\040\000K\000i}{subsection.6.7.3}% 75
\BOOKMARK [3][-]{subsubsection.6.7.3.5}{\376\377\0006\000.\0007\000.\0003\000.\0005\000\040\000K\000p}{subsection.6.7.3}% 76
\BOOKMARK [3][-]{subsubsection.6.7.3.6}{\376\377\0006\000.\0007\000.\0003\000.\0006\000\040\000p\000i\000d\000H\000a\000n\000d\000l\000e}{subsection.6.7.3}% 77
\BOOKMARK [1][-]{section.6.8}{\376\377\0006\000.\0008\000\040\000s\000e\000n\000s\000o\000r\000s\000\040\000N\000a\000m\000e\000s\000p\000a\000c\000e\000\040\000R\000e\000f\000e\000r\000e\000n\000c\000e}{chapter.6}% 78
\BOOKMARK [2][-]{subsection.6.8.1}{\376\377\0006\000.\0008\000.\0001\000\040\000D\000e\000t\000a\000i\000l\000e\000d\000\040\000D\000e\000s\000c\000r\000i\000p\000t\000i\000o\000n}{section.6.8}% 79
\BOOKMARK [2][-]{subsection.6.8.2}{\376\377\0006\000.\0008\000.\0002\000\040\000F\000u\000n\000c\000t\000i\000o\000n\000\040\000D\000o\000c\000u\000m\000e\000n\000t\000a\000t\000i\000o\000n}{section.6.8}% 80
\BOOKMARK [3][-]{subsubsection.6.8.2.1}{\376\377\0006\000.\0008\000.\0002\000.\0001\000\040\000i\000n\000i\000t\000\050\000\051}{subsection.6.8.2}% 81
\BOOKMARK [3][-]{subsubsection.6.8.2.2}{\376\377\0006\000.\0008\000.\0002\000.\0002\000\040\000r\000e\000s\000e\000t\000\050\000\051}{subsection.6.8.2}% 82
\BOOKMARK [2][-]{subsection.6.8.3}{\376\377\0006\000.\0008\000.\0003\000\040\000V\000a\000r\000i\000a\000b\000l\000e\000\040\000D\000o\000c\000u\000m\000e\000n\000t\000a\000t\000i\000o\000n}{section.6.8}% 83
\BOOKMARK [3][-]{subsubsection.6.8.3.1}{\376\377\0006\000.\0008\000.\0003\000.\0001\000\040\000g\000y\000r\000o}{subsection.6.8.3}% 84
\BOOKMARK [3][-]{subsubsection.6.8.3.2}{\376\377\0006\000.\0008\000.\0003\000.\0002\000\040\000l\000e\000f\000t}{subsection.6.8.3}% 85
\BOOKMARK [3][-]{subsubsection.6.8.3.3}{\376\377\0006\000.\0008\000.\0003\000.\0003\000\040\000l\000i\000f\000t}{subsection.6.8.3}% 86
\BOOKMARK [3][-]{subsubsection.6.8.3.4}{\376\377\0006\000.\0008\000.\0003\000.\0004\000\040\000r\000i\000g\000h\000t}{subsection.6.8.3}% 87
\BOOKMARK [0][-]{chapter.7}{\376\377\0007\000\040\000C\000l\000a\000s\000s\000\040\000D\000o\000c\000u\000m\000e\000n\000t\000a\000t\000i\000o\000n}{}% 88
\BOOKMARK [1][-]{section.7.1}{\376\377\0007\000.\0001\000\040\000s\000e\000n\000s\000o\000r\000s\000:\000:\000b\000u\000t\000t\000o\000n\000\137\000t\000\040\000S\000t\000r\000u\000c\000t\000\040\000R\000e\000f\000e\000r\000e\000n\000c\000e}{chapter.7}% 89
\BOOKMARK [2][-]{subsection.7.1.1}{\376\377\0007\000.\0001\000.\0001\000\040\000D\000e\000t\000a\000i\000l\000e\000d\000\040\000D\000e\000s\000c\000r\000i\000p\000t\000i\000o\000n}{section.7.1}% 90
\BOOKMARK [2][-]{subsection.7.1.2}{\376\377\0007\000.\0001\000.\0002\000\040\000C\000o\000n\000s\000t\000r\000u\000c\000t\000o\000r\000\040\000\046\000\040\000D\000e\000s\000t\000r\000u\000c\000t\000o\000r\000\040\000D\000o\000c\000u\000m\000e\000n\000t\000a\000t\000i\000o\000n}{section.7.1}% 91
\BOOKMARK [3][-]{subsubsection.7.1.2.1}{\376\377\0007\000.\0001\000.\0002\000.\0001\000\040\000b\000u\000t\000t\000o\000n\000\137\000t\000\050\000\051}{subsection.7.1.2}% 92
\BOOKMARK [2][-]{subsection.7.1.3}{\376\377\0007\000.\0001\000.\0003\000\040\000M\000e\000m\000b\000e\000r\000\040\000F\000u\000n\000c\000t\000i\000o\000n\000\040\000D\000o\000c\000u\000m\000e\000n\000t\000a\000t\000i\000o\000n}{section.7.1}% 93
\BOOKMARK [3][-]{subsubsection.7.1.3.1}{\376\377\0007\000.\0001\000.\0003\000.\0001\000\040\000i\000n\000i\000t\000\050\000\051}{subsection.7.1.3}% 94
\BOOKMARK [3][-]{subsubsection.7.1.3.2}{\376\377\0007\000.\0001\000.\0003\000.\0002\000\040\000v\000a\000l\000u\000e\000\050\000\051}{subsection.7.1.3}% 95
\BOOKMARK [2][-]{subsection.7.1.4}{\376\377\0007\000.\0001\000.\0004\000\040\000M\000e\000m\000b\000e\000r\000\040\000D\000a\000t\000a\000\040\000D\000o\000c\000u\000m\000e\000n\000t\000a\000t\000i\000o\000n}{section.7.1}% 96
\BOOKMARK [3][-]{subsubsection.7.1.4.1}{\376\377\0007\000.\0001\000.\0004\000.\0001\000\040\000i\000n\000v\000e\000r\000t\000e\000d}{subsection.7.1.4}% 97
\BOOKMARK [3][-]{subsubsection.7.1.4.2}{\376\377\0007\000.\0001\000.\0004\000.\0002\000\040\000p\000o\000r\000t}{subsection.7.1.4}% 98
\BOOKMARK [1][-]{section.7.2}{\376\377\0007\000.\0002\000\040\000c\000o\000m\000m\000i\000t\000.\000C\000o\000m\000m\000i\000t\000\040\000C\000l\000a\000s\000s\000\040\000R\000e\000f\000e\000r\000e\000n\000c\000e}{chapter.7}% 99
\BOOKMARK [1][-]{section.7.3}{\376\377\0007\000.\0003\000\040\000g\000y\000r\000o\000:\000:\000d\000r\000i\000v\000e\000\040\000C\000l\000a\000s\000s\000\040\000R\000e\000f\000e\000r\000e\000n\000c\000e}{chapter.7}% 100
\BOOKMARK [1][-]{section.7.4}{\376\377\0007\000.\0004\000\040\000s\000e\000n\000s\000o\000r\000s\000:\000:\000g\000y\000r\000o\000\137\000t\000\040\000C\000l\000a\000s\000s\000\040\000R\000e\000f\000e\000r\000e\000n\000c\000e}{chapter.7}% 101
\BOOKMARK [2][-]{subsection.7.4.1}{\376\377\0007\000.\0004\000.\0001\000\040\000D\000e\000t\000a\000i\000l\000e\000d\000\040\000D\000e\000s\000c\000r\000i\000p\000t\000i\000o\000n}{section.7.4}% 102
\BOOKMARK [2][-]{subsection.7.4.2}{\376\377\0007\000.\0004\000.\0002\000\040\000C\000o\000n\000s\000t\000r\000u\000c\000t\000o\000r\000\040\000\046\000\040\000D\000e\000s\000t\000r\000u\000c\000t\000o\000r\000\040\000D\000o\000c\000u\000m\000e\000n\000t\000a\000t\000i\000o\000n}{section.7.4}% 103
\BOOKMARK [3][-]{subsubsection.7.4.2.1}{\376\377\0007\000.\0004\000.\0002\000.\0001\000\040\000g\000y\000r\000o\000\137\000t\000\050\000\051}{subsection.7.4.2}% 104
\BOOKMARK [2][-]{subsection.7.4.3}{\376\377\0007\000.\0004\000.\0003\000\040\000M\000e\000m\000b\000e\000r\000\040\000F\000u\000n\000c\000t\000i\000o\000n\000\040\000D\000o\000c\000u\000m\000e\000n\000t\000a\000t\000i\000o\000n}{section.7.4}% 105
\BOOKMARK [3][-]{subsubsection.7.4.3.1}{\376\377\0007\000.\0004\000.\0003\000.\0001\000\040\000i\000n\000i\000t\000\050\000\051}{subsection.7.4.3}% 106
\BOOKMARK [3][-]{subsubsection.7.4.3.2}{\376\377\0007\000.\0004\000.\0003\000.\0002\000\040\000r\000e\000s\000e\000t\000\050\000\051}{subsection.7.4.3}% 107
\BOOKMARK [3][-]{subsubsection.7.4.3.3}{\376\377\0007\000.\0004\000.\0003\000.\0003\000\040\000v\000a\000l\000u\000e\000\050\000\051}{subsection.7.4.3}% 108
\BOOKMARK [2][-]{subsection.7.4.4}{\376\377\0007\000.\0004\000.\0004\000\040\000M\000e\000m\000b\000e\000r\000\040\000D\000a\000t\000a\000\040\000D\000o\000c\000u\000m\000e\000n\000t\000a\000t\000i\000o\000n}{section.7.4}% 109
\BOOKMARK [3][-]{subsubsection.7.4.4.1}{\376\377\0007\000.\0004\000.\0004\000.\0001\000\040\000g\000y\000r\000o}{subsection.7.4.4}% 110
\BOOKMARK [3][-]{subsubsection.7.4.4.2}{\376\377\0007\000.\0004\000.\0004\000.\0002\000\040\000p\000o\000r\000t}{subsection.7.4.4}% 111
\BOOKMARK [3][-]{subsubsection.7.4.4.3}{\376\377\0007\000.\0004\000.\0004\000.\0003\000\040\000r\000e\000q\000u\000e\000s\000t}{subsection.7.4.4}% 112
\BOOKMARK [3][-]{subsubsection.7.4.4.4}{\376\377\0007\000.\0004\000.\0004\000.\0004\000\040\000z\000e\000r\000o}{subsection.7.4.4}% 113
\BOOKMARK [1][-]{section.7.5}{\376\377\0007\000.\0005\000\040\000m\000o\000t\000o\000r\000\137\000t\000\040\000S\000t\000r\000u\000c\000t\000\040\000R\000e\000f\000e\000r\000e\000n\000c\000e}{chapter.7}% 114
\BOOKMARK [2][-]{subsection.7.5.1}{\376\377\0007\000.\0005\000.\0001\000\040\000D\000e\000t\000a\000i\000l\000e\000d\000\040\000D\000e\000s\000c\000r\000i\000p\000t\000i\000o\000n}{section.7.5}% 115
\BOOKMARK [2][-]{subsection.7.5.2}{\376\377\0007\000.\0005\000.\0002\000\040\000M\000e\000m\000b\000e\000r\000\040\000F\000u\000n\000c\000t\000i\000o\000n\000\040\000D\000o\000c\000u\000m\000e\000n\000t\000a\000t\000i\000o\000n}{section.7.5}% 116
\BOOKMARK [3][-]{subsubsection.7.5.2.1}{\376\377\0007\000.\0005\000.\0002\000.\0001\000\040\000s\000e\000t\000\050\000\051}{subsection.7.5.2}% 117
\BOOKMARK [2][-]{subsection.7.5.3}{\376\377\0007\000.\0005\000.\0003\000\040\000M\000e\000m\000b\000e\000r\000\040\000D\000a\000t\000a\000\040\000D\000o\000c\000u\000m\000e\000n\000t\000a\000t\000i\000o\000n}{section.7.5}% 118
\BOOKMARK [3][-]{subsubsection.7.5.3.1}{\376\377\0007\000.\0005\000.\0003\000.\0001\000\040\000i\000n\000v\000e\000r\000t\000e\000d}{subsection.7.5.3}% 119
\BOOKMARK [3][-]{subsubsection.7.5.3.2}{\376\377\0007\000.\0005\000.\0003\000.\0002\000\040\000p\000o\000r\000t}{subsection.7.5.3}% 120
\BOOKMARK [3][-]{subsubsection.7.5.3.3}{\376\377\0007\000.\0005\000.\0003\000.\0003\000\040\000p\000o\000w\000e\000r}{subsection.7.5.3}% 121
\BOOKMARK [3][-]{subsubsection.7.5.3.4}{\376\377\0007\000.\0005\000.\0003\000.\0004\000\040\000s\000c\000a\000l\000e}{subsection.7.5.3}% 122
\BOOKMARK [3][-]{subsubsection.7.5.3.5}{\376\377\0007\000.\0005\000.\0003\000.\0005\000\040\000t\000l\000a\000s\000t}{subsection.7.5.3}% 123
\BOOKMARK [1][-]{section.7.6}{\376\377\0007\000.\0006\000\040\000s\000e\000n\000s\000o\000r\000s\000:\000:\000p\000o\000t\000\137\000t\000\040\000S\000t\000r\000u\000c\000t\000\040\000R\000e\000f\000e\000r\000e\000n\000c\000e}{chapter.7}% 124
\BOOKMARK [2][-]{subsection.7.6.1}{\376\377\0007\000.\0006\000.\0001\000\040\000D\000e\000t\000a\000i\000l\000e\000d\000\040\000D\000e\000s\000c\000r\000i\000p\000t\000i\000o\000n}{section.7.6}% 125
\BOOKMARK [2][-]{subsection.7.6.2}{\376\377\0007\000.\0006\000.\0002\000\040\000C\000o\000n\000s\000t\000r\000u\000c\000t\000o\000r\000\040\000\046\000\040\000D\000e\000s\000t\000r\000u\000c\000t\000o\000r\000\040\000D\000o\000c\000u\000m\000e\000n\000t\000a\000t\000i\000o\000n}{section.7.6}% 126
\BOOKMARK [3][-]{subsubsection.7.6.2.1}{\376\377\0007\000.\0006\000.\0002\000.\0001\000\040\000p\000o\000t\000\137\000t\000\050\000\051}{subsection.7.6.2}% 127
\BOOKMARK [2][-]{subsection.7.6.3}{\376\377\0007\000.\0006\000.\0003\000\040\000M\000e\000m\000b\000e\000r\000\040\000F\000u\000n\000c\000t\000i\000o\000n\000\040\000D\000o\000c\000u\000m\000e\000n\000t\000a\000t\000i\000o\000n}{section.7.6}% 128
\BOOKMARK [3][-]{subsubsection.7.6.3.1}{\376\377\0007\000.\0006\000.\0003\000.\0001\000\040\000i\000n\000i\000t\000\050\000\051}{subsection.7.6.3}% 129
\BOOKMARK [3][-]{subsubsection.7.6.3.2}{\376\377\0007\000.\0006\000.\0003\000.\0002\000\040\000r\000e\000s\000e\000t\000\050\000\051}{subsection.7.6.3}% 130
\BOOKMARK [3][-]{subsubsection.7.6.3.3}{\376\377\0007\000.\0006\000.\0003\000.\0003\000\040\000v\000a\000l\000u\000e\000\050\000\051}{subsection.7.6.3}% 131
\BOOKMARK [2][-]{subsection.7.6.4}{\376\377\0007\000.\0006\000.\0004\000\040\000M\000e\000m\000b\000e\000r\000\040\000D\000a\000t\000a\000\040\000D\000o\000c\000u\000m\000e\000n\000t\000a\000t\000i\000o\000n}{section.7.6}% 132
\BOOKMARK [3][-]{subsubsection.7.6.4.1}{\376\377\0007\000.\0006\000.\0004\000.\0001\000\040\000i\000n\000v\000e\000r\000t\000e\000d}{subsection.7.6.4}% 133
\BOOKMARK [3][-]{subsubsection.7.6.4.2}{\376\377\0007\000.\0006\000.\0004\000.\0002\000\040\000p\000o\000r\000t}{subsection.7.6.4}% 134
\BOOKMARK [3][-]{subsubsection.7.6.4.3}{\376\377\0007\000.\0006\000.\0004\000.\0003\000\040\000r\000e\000q\000u\000e\000s\000t}{subsection.7.6.4}% 135
\BOOKMARK [3][-]{subsubsection.7.6.4.4}{\376\377\0007\000.\0006\000.\0004\000.\0004\000\040\000z\000e\000r\000o}{subsection.7.6.4}% 136
\BOOKMARK [1][-]{section.7.7}{\376\377\0007\000.\0007\000\040\000s\000e\000n\000s\000o\000r\000s\000:\000:\000q\000u\000a\000d\000\137\000t\000\040\000S\000t\000r\000u\000c\000t\000\040\000R\000e\000f\000e\000r\000e\000n\000c\000e}{chapter.7}% 137
\BOOKMARK [2][-]{subsection.7.7.1}{\376\377\0007\000.\0007\000.\0001\000\040\000D\000e\000t\000a\000i\000l\000e\000d\000\040\000D\000e\000s\000c\000r\000i\000p\000t\000i\000o\000n}{section.7.7}% 138
\BOOKMARK [2][-]{subsection.7.7.2}{\376\377\0007\000.\0007\000.\0002\000\040\000C\000o\000n\000s\000t\000r\000u\000c\000t\000o\000r\000\040\000\046\000\040\000D\000e\000s\000t\000r\000u\000c\000t\000o\000r\000\040\000D\000o\000c\000u\000m\000e\000n\000t\000a\000t\000i\000o\000n}{section.7.7}% 139
\BOOKMARK [3][-]{subsubsection.7.7.2.1}{\376\377\0007\000.\0007\000.\0002\000.\0001\000\040\000q\000u\000a\000d\000\137\000t\000\050\000\051}{subsection.7.7.2}% 140
\BOOKMARK [2][-]{subsection.7.7.3}{\376\377\0007\000.\0007\000.\0003\000\040\000M\000e\000m\000b\000e\000r\000\040\000F\000u\000n\000c\000t\000i\000o\000n\000\040\000D\000o\000c\000u\000m\000e\000n\000t\000a\000t\000i\000o\000n}{section.7.7}% 141
\BOOKMARK [3][-]{subsubsection.7.7.3.1}{\376\377\0007\000.\0007\000.\0003\000.\0001\000\040\000i\000n\000i\000t\000\050\000\051}{subsection.7.7.3}% 142
\BOOKMARK [3][-]{subsubsection.7.7.3.2}{\376\377\0007\000.\0007\000.\0003\000.\0002\000\040\000r\000e\000s\000e\000t\000\050\000\051}{subsection.7.7.3}% 143
\BOOKMARK [3][-]{subsubsection.7.7.3.3}{\376\377\0007\000.\0007\000.\0003\000.\0003\000\040\000v\000a\000l\000u\000e\000\050\000\051}{subsection.7.7.3}% 144
\BOOKMARK [2][-]{subsection.7.7.4}{\376\377\0007\000.\0007\000.\0004\000\040\000M\000e\000m\000b\000e\000r\000\040\000D\000a\000t\000a\000\040\000D\000o\000c\000u\000m\000e\000n\000t\000a\000t\000i\000o\000n}{section.7.7}% 145
\BOOKMARK [3][-]{subsubsection.7.7.4.1}{\376\377\0007\000.\0007\000.\0004\000.\0001\000\040\000e\000n\000c}{subsection.7.7.4}% 146
\BOOKMARK [3][-]{subsubsection.7.7.4.2}{\376\377\0007\000.\0007\000.\0004\000.\0002\000\040\000i\000n\000v\000e\000r\000t\000e\000d}{subsection.7.7.4}% 147
\BOOKMARK [3][-]{subsubsection.7.7.4.3}{\376\377\0007\000.\0007\000.\0004\000.\0003\000\040\000p\000o\000r\000t\000s}{subsection.7.7.4}% 148
\BOOKMARK [3][-]{subsubsection.7.7.4.4}{\376\377\0007\000.\0007\000.\0004\000.\0004\000\040\000r\000e\000q\000u\000e\000s\000t}{subsection.7.7.4}% 149
\BOOKMARK [3][-]{subsubsection.7.7.4.5}{\376\377\0007\000.\0007\000.\0004\000.\0005\000\040\000z\000e\000r\000o}{subsection.7.7.4}% 150
\BOOKMARK [1][-]{section.7.8}{\376\377\0007\000.\0008\000\040\000d\000r\000i\000v\000e\000:\000:\000s\000i\000d\000e\000\137\000t\000\040\000S\000t\000r\000u\000c\000t\000\040\000R\000e\000f\000e\000r\000e\000n\000c\000e}{chapter.7}% 151
\BOOKMARK [2][-]{subsection.7.8.1}{\376\377\0007\000.\0008\000.\0001\000\040\000D\000e\000t\000a\000i\000l\000e\000d\000\040\000D\000e\000s\000c\000r\000i\000p\000t\000i\000o\000n}{section.7.8}% 152
\BOOKMARK [2][-]{subsection.7.8.2}{\376\377\0007\000.\0008\000.\0002\000\040\000M\000e\000m\000b\000e\000r\000\040\000F\000u\000n\000c\000t\000i\000o\000n\000\040\000D\000o\000c\000u\000m\000e\000n\000t\000a\000t\000i\000o\000n}{section.7.8}% 153
\BOOKMARK [3][-]{subsubsection.7.8.2.1}{\376\377\0007\000.\0008\000.\0002\000.\0001\000\040\000s\000e\000t\000\050\000\051}{subsection.7.8.2}% 154
\BOOKMARK [2][-]{subsection.7.8.3}{\376\377\0007\000.\0008\000.\0003\000\040\000M\000e\000m\000b\000e\000r\000\040\000D\000a\000t\000a\000\040\000D\000o\000c\000u\000m\000e\000n\000t\000a\000t\000i\000o\000n}{section.7.8}% 155
\BOOKMARK [3][-]{subsubsection.7.8.3.1}{\376\377\0007\000.\0008\000.\0003\000.\0001\000\040\000l\000o\000w\000M}{subsection.7.8.3}% 156
\BOOKMARK [3][-]{subsubsection.7.8.3.2}{\376\377\0007\000.\0008\000.\0003\000.\0002\000\040\000m\000i\000d\000M}{subsection.7.8.3}% 157
\BOOKMARK [3][-]{subsubsection.7.8.3.3}{\376\377\0007\000.\0008\000.\0003\000.\0003\000\040\000s\000e\000n\000s\000o\000r}{subsection.7.8.3}% 158
\BOOKMARK [3][-]{subsubsection.7.8.3.4}{\376\377\0007\000.\0008\000.\0003\000.\0004\000\040\000t\000o\000p\000M}{subsection.7.8.3}% 159
\BOOKMARK [1][-]{section.7.9}{\376\377\0007\000.\0009\000\040\000l\000i\000f\000t\000:\000:\000s\000i\000d\000e\000\137\000t\000\040\000S\000t\000r\000u\000c\000t\000\040\000R\000e\000f\000e\000r\000e\000n\000c\000e}{chapter.7}% 160
\BOOKMARK [2][-]{subsection.7.9.1}{\376\377\0007\000.\0009\000.\0001\000\040\000D\000e\000t\000a\000i\000l\000e\000d\000\040\000D\000e\000s\000c\000r\000i\000p\000t\000i\000o\000n}{section.7.9}% 161
\BOOKMARK [2][-]{subsection.7.9.2}{\376\377\0007\000.\0009\000.\0002\000\040\000M\000e\000m\000b\000e\000r\000\040\000F\000u\000n\000c\000t\000i\000o\000n\000\040\000D\000o\000c\000u\000m\000e\000n\000t\000a\000t\000i\000o\000n}{section.7.9}% 162
\BOOKMARK [3][-]{subsubsection.7.9.2.1}{\376\377\0007\000.\0009\000.\0002\000.\0001\000\040\000s\000e\000t\000\050\000\051}{subsection.7.9.2}% 163
\BOOKMARK [2][-]{subsection.7.9.3}{\376\377\0007\000.\0009\000.\0003\000\040\000M\000e\000m\000b\000e\000r\000\040\000D\000a\000t\000a\000\040\000D\000o\000c\000u\000m\000e\000n\000t\000a\000t\000i\000o\000n}{section.7.9}% 164
\BOOKMARK [3][-]{subsubsection.7.9.3.1}{\376\377\0007\000.\0009\000.\0003\000.\0001\000\040\000l\000o\000w\000M}{subsection.7.9.3}% 165
\BOOKMARK [3][-]{subsubsection.7.9.3.2}{\376\377\0007\000.\0009\000.\0003\000.\0002\000\040\000m\000i\000d\000M}{subsection.7.9.3}% 166
\BOOKMARK [3][-]{subsubsection.7.9.3.3}{\376\377\0007\000.\0009\000.\0003\000.\0003\000\040\000s\000e\000n\000s\000o\000r}{subsection.7.9.3}% 167
\BOOKMARK [3][-]{subsubsection.7.9.3.4}{\376\377\0007\000.\0009\000.\0003\000.\0004\000\040\000t\000o\000p\000M}{subsection.7.9.3}% 168
\BOOKMARK [1][-]{section.7.10}{\376\377\0007\000.\0001\0000\000\040\000s\000e\000n\000s\000o\000r\000s\000:\000:\000s\000o\000n\000i\000c\000\137\000t\000\040\000S\000t\000r\000u\000c\000t\000\040\000R\000e\000f\000e\000r\000e\000n\000c\000e}{chapter.7}% 169
\BOOKMARK [2][-]{subsection.7.10.1}{\376\377\0007\000.\0001\0000\000.\0001\000\040\000D\000e\000t\000a\000i\000l\000e\000d\000\040\000D\000e\000s\000c\000r\000i\000p\000t\000i\000o\000n}{section.7.10}% 170
\BOOKMARK [2][-]{subsection.7.10.2}{\376\377\0007\000.\0001\0000\000.\0002\000\040\000C\000o\000n\000s\000t\000r\000u\000c\000t\000o\000r\000\040\000\046\000\040\000D\000e\000s\000t\000r\000u\000c\000t\000o\000r\000\040\000D\000o\000c\000u\000m\000e\000n\000t\000a\000t\000i\000o\000n}{section.7.10}% 171
\BOOKMARK [3][-]{subsubsection.7.10.2.1}{\376\377\0007\000.\0001\0000\000.\0002\000.\0001\000\040\000s\000o\000n\000i\000c\000\137\000t\000\050\000\051}{subsection.7.10.2}% 172
\BOOKMARK [2][-]{subsection.7.10.3}{\376\377\0007\000.\0001\0000\000.\0003\000\040\000M\000e\000m\000b\000e\000r\000\040\000F\000u\000n\000c\000t\000i\000o\000n\000\040\000D\000o\000c\000u\000m\000e\000n\000t\000a\000t\000i\000o\000n}{section.7.10}% 173
\BOOKMARK [3][-]{subsubsection.7.10.3.1}{\376\377\0007\000.\0001\0000\000.\0003\000.\0001\000\040\000i\000n\000i\000t\000\050\000\051}{subsection.7.10.3}% 174
\BOOKMARK [3][-]{subsubsection.7.10.3.2}{\376\377\0007\000.\0001\0000\000.\0003\000.\0002\000\040\000v\000a\000l\000u\000e\000\050\000\051}{subsection.7.10.3}% 175
\BOOKMARK [2][-]{subsection.7.10.4}{\376\377\0007\000.\0001\0000\000.\0004\000\040\000M\000e\000m\000b\000e\000r\000\040\000D\000a\000t\000a\000\040\000D\000o\000c\000u\000m\000e\000n\000t\000a\000t\000i\000o\000n}{section.7.10}% 176
\BOOKMARK [3][-]{subsubsection.7.10.4.1}{\376\377\0007\000.\0001\0000\000.\0004\000.\0001\000\040\000p\000o\000r\000t\000s}{subsection.7.10.4}% 177
\BOOKMARK [3][-]{subsubsection.7.10.4.2}{\376\377\0007\000.\0001\0000\000.\0004\000.\0002\000\040\000s\000o\000n\000i\000c}{subsection.7.10.4}% 178
\BOOKMARK [0][-]{chapter.8}{\376\377\0008\000\040\000F\000i\000l\000e\000\040\000D\000o\000c\000u\000m\000e\000n\000t\000a\000t\000i\000o\000n}{}% 179
\BOOKMARK [1][-]{section.8.1}{\376\377\0008\000.\0001\000\040\000i\000n\000c\000l\000u\000d\000e\000/\000A\000P\000I\000.\000h\000\040\000F\000i\000l\000e\000\040\000R\000e\000f\000e\000r\000e\000n\000c\000e}{chapter.8}% 180
\BOOKMARK [2][-]{subsection.8.1.1}{\376\377\0008\000.\0001\000.\0001\000\040\000D\000e\000t\000a\000i\000l\000e\000d\000\040\000D\000e\000s\000c\000r\000i\000p\000t\000i\000o\000n}{section.8.1}% 181
\BOOKMARK [2][-]{subsection.8.1.2}{\376\377\0008\000.\0001\000.\0002\000\040\000M\000a\000c\000r\000o\000\040\000D\000e\000f\000i\000n\000i\000t\000i\000o\000n\000\040\000D\000o\000c\000u\000m\000e\000n\000t\000a\000t\000i\000o\000n}{section.8.1}% 182
\BOOKMARK [3][-]{subsubsection.8.1.2.1}{\376\377\0008\000.\0001\000.\0002\000.\0001\000\040\000A\000C\000C\000E\000L\000\137\000X}{subsection.8.1.2}% 183
\BOOKMARK [3][-]{subsubsection.8.1.2.2}{\376\377\0008\000.\0001\000.\0002\000.\0002\000\040\000A\000C\000C\000E\000L\000\137\000Y}{subsection.8.1.2}% 184
\BOOKMARK [3][-]{subsubsection.8.1.2.3}{\376\377\0008\000.\0001\000.\0002\000.\0003\000\040\000B\000O\000A\000R\000D\000\137\000N\000R\000\137\000A\000D\000C\000\137\000P\000I\000N\000S}{subsection.8.1.2}% 185
\BOOKMARK [3][-]{subsubsection.8.1.2.4}{\376\377\0008\000.\0001\000.\0002\000.\0004\000\040\000B\000O\000A\000R\000D\000\137\000N\000R\000\137\000G\000P\000I\000O\000\137\000P\000I\000N\000S}{subsection.8.1.2}% 186
\BOOKMARK [3][-]{subsubsection.8.1.2.5}{\376\377\0008\000.\0001\000.\0002\000.\0005\000\040\000E\000O\000F}{subsection.8.1.2}% 187
\BOOKMARK [3][-]{subsubsection.8.1.2.6}{\376\377\0008\000.\0001\000.\0002\000.\0006\000\040\000H\000I\000G\000H}{subsection.8.1.2}% 188
\BOOKMARK [3][-]{subsubsection.8.1.2.7}{\376\377\0008\000.\0001\000.\0002\000.\0007\000\040\000I\000M\000E\000\137\000A\000D\000D\000R\000\137\000M\000A\000X}{subsection.8.1.2}% 189
\BOOKMARK [3][-]{subsubsection.8.1.2.8}{\376\377\0008\000.\0001\000.\0002\000.\0008\000\040\000I\000N\000P\000U\000T}{subsection.8.1.2}% 190
\BOOKMARK [3][-]{subsubsection.8.1.2.9}{\376\377\0008\000.\0001\000.\0002\000.\0009\000\040\000I\000N\000P\000U\000T\000\137\000A\000N\000A\000L\000O\000G}{subsection.8.1.2}% 191
\BOOKMARK [3][-]{subsubsection.8.1.2.10}{\376\377\0008\000.\0001\000.\0002\000.\0001\0000\000\040\000I\000N\000P\000U\000T\000\137\000F\000L\000O\000A\000T\000I\000N\000G}{subsection.8.1.2}% 192
\BOOKMARK [3][-]{subsubsection.8.1.2.11}{\376\377\0008\000.\0001\000.\0002\000.\0001\0001\000\040\000I\000N\000T\000E\000R\000R\000U\000P\000T\000\137\000E\000D\000G\000E\000\137\000B\000O\000T\000H}{subsection.8.1.2}% 193
\BOOKMARK [3][-]{subsubsection.8.1.2.12}{\376\377\0008\000.\0001\000.\0002\000.\0001\0002\000\040\000I\000N\000T\000E\000R\000R\000U\000P\000T\000\137\000E\000D\000G\000E\000\137\000F\000A\000L\000L\000I\000N\000G}{subsection.8.1.2}% 194
\BOOKMARK [3][-]{subsubsection.8.1.2.13}{\376\377\0008\000.\0001\000.\0002\000.\0001\0003\000\040\000I\000N\000T\000E\000R\000R\000U\000P\000T\000\137\000E\000D\000G\000E\000\137\000R\000I\000S\000I\000N\000G}{subsection.8.1.2}% 195
\BOOKMARK [3][-]{subsubsection.8.1.2.14}{\376\377\0008\000.\0001\000.\0002\000.\0001\0004\000\040\000J\000O\000Y\000\137\000D\000O\000W\000N}{subsection.8.1.2}% 196
\BOOKMARK [3][-]{subsubsection.8.1.2.15}{\376\377\0008\000.\0001\000.\0002\000.\0001\0005\000\040\000J\000O\000Y\000\137\000L\000E\000F\000T}{subsection.8.1.2}% 197
\BOOKMARK [3][-]{subsubsection.8.1.2.16}{\376\377\0008\000.\0001\000.\0002\000.\0001\0006\000\040\000J\000O\000Y\000\137\000R\000I\000G\000H\000T}{subsection.8.1.2}% 198
\BOOKMARK [3][-]{subsubsection.8.1.2.17}{\376\377\0008\000.\0001\000.\0002\000.\0001\0007\000\040\000J\000O\000Y\000\137\000U\000P}{subsection.8.1.2}% 199
\BOOKMARK [3][-]{subsubsection.8.1.2.18}{\376\377\0008\000.\0001\000.\0002\000.\0001\0008\000\040\000L\000C\000D\000\137\000B\000T\000N\000\137\000C\000E\000N\000T\000E\000R}{subsection.8.1.2}% 200
\BOOKMARK [3][-]{subsubsection.8.1.2.19}{\376\377\0008\000.\0001\000.\0002\000.\0001\0009\000\040\000L\000C\000D\000\137\000B\000T\000N\000\137\000L\000E\000F\000T}{subsection.8.1.2}% 201
\BOOKMARK [3][-]{subsubsection.8.1.2.20}{\376\377\0008\000.\0001\000.\0002\000.\0002\0000\000\040\000L\000C\000D\000\137\000B\000T\000N\000\137\000R\000I\000G\000H\000T}{subsection.8.1.2}% 202
\BOOKMARK [3][-]{subsubsection.8.1.2.21}{\376\377\0008\000.\0001\000.\0002\000.\0002\0001\000\040\000L\000O\000W}{subsection.8.1.2}% 203
\BOOKMARK [3][-]{subsubsection.8.1.2.22}{\376\377\0008\000.\0001\000.\0002\000.\0002\0002\000\040\000O\000U\000T\000P\000U\000T}{subsection.8.1.2}% 204
\BOOKMARK [3][-]{subsubsection.8.1.2.23}{\376\377\0008\000.\0001\000.\0002\000.\0002\0003\000\040\000O\000U\000T\000P\000U\000T\000\137\000O\000D}{subsection.8.1.2}% 205
\BOOKMARK [3][-]{subsubsection.8.1.2.24}{\376\377\0008\000.\0001\000.\0002\000.\0002\0004\000\040\000S\000E\000E\000K\000\137\000C\000U\000R}{subsection.8.1.2}% 206
\BOOKMARK [3][-]{subsubsection.8.1.2.25}{\376\377\0008\000.\0001\000.\0002\000.\0002\0005\000\040\000S\000E\000E\000K\000\137\000E\000N\000D}{subsection.8.1.2}% 207
\BOOKMARK [3][-]{subsubsection.8.1.2.26}{\376\377\0008\000.\0001\000.\0002\000.\0002\0006\000\040\000S\000E\000E\000K\000\137\000S\000E\000T}{subsection.8.1.2}% 208
\BOOKMARK [3][-]{subsubsection.8.1.2.27}{\376\377\0008\000.\0001\000.\0002\000.\0002\0007\000\040\000S\000E\000R\000I\000A\000L\000\137\0008\000N\0001}{subsection.8.1.2}% 209
\BOOKMARK [3][-]{subsubsection.8.1.2.28}{\376\377\0008\000.\0001\000.\0002\000.\0002\0008\000\040\000S\000E\000R\000I\000A\000L\000\137\000D\000A\000T\000A\000B\000I\000T\000S\000\137\0008}{subsection.8.1.2}% 210
\BOOKMARK [3][-]{subsubsection.8.1.2.29}{\376\377\0008\000.\0001\000.\0002\000.\0002\0009\000\040\000S\000E\000R\000I\000A\000L\000\137\000D\000A\000T\000A\000B\000I\000T\000S\000\137\0009}{subsection.8.1.2}% 211
\BOOKMARK [3][-]{subsubsection.8.1.2.30}{\376\377\0008\000.\0001\000.\0002\000.\0003\0000\000\040\000S\000E\000R\000I\000A\000L\000\137\000P\000A\000R\000I\000T\000Y\000\137\000E\000V\000E\000N}{subsection.8.1.2}% 212
\BOOKMARK [3][-]{subsubsection.8.1.2.31}{\376\377\0008\000.\0001\000.\0002\000.\0003\0001\000\040\000S\000E\000R\000I\000A\000L\000\137\000P\000A\000R\000I\000T\000Y\000\137\000N\000O\000N\000E}{subsection.8.1.2}% 213
\BOOKMARK [3][-]{subsubsection.8.1.2.32}{\376\377\0008\000.\0001\000.\0002\000.\0003\0002\000\040\000S\000E\000R\000I\000A\000L\000\137\000P\000A\000R\000I\000T\000Y\000\137\000O\000D\000D}{subsection.8.1.2}% 214
\BOOKMARK [3][-]{subsubsection.8.1.2.33}{\376\377\0008\000.\0001\000.\0002\000.\0003\0003\000\040\000S\000E\000R\000I\000A\000L\000\137\000S\000T\000O\000P\000B\000I\000T\000S\000\137\0001}{subsection.8.1.2}% 215
\BOOKMARK [3][-]{subsubsection.8.1.2.34}{\376\377\0008\000.\0001\000.\0002\000.\0003\0004\000\040\000S\000E\000R\000I\000A\000L\000\137\000S\000T\000O\000P\000B\000I\000T\000S\000\137\0002}{subsection.8.1.2}% 216
\BOOKMARK [3][-]{subsubsection.8.1.2.35}{\376\377\0008\000.\0001\000.\0002\000.\0003\0005\000\040\000s\000t\000d\000i\000n}{subsection.8.1.2}% 217
\BOOKMARK [3][-]{subsubsection.8.1.2.36}{\376\377\0008\000.\0001\000.\0002\000.\0003\0006\000\040\000s\000t\000d\000o\000u\000t}{subsection.8.1.2}% 218
\BOOKMARK [3][-]{subsubsection.8.1.2.37}{\376\377\0008\000.\0001\000.\0002\000.\0003\0007\000\040\000T\000A\000S\000K\000\137\000D\000E\000A\000D}{subsection.8.1.2}% 219
\BOOKMARK [3][-]{subsubsection.8.1.2.38}{\376\377\0008\000.\0001\000.\0002\000.\0003\0008\000\040\000T\000A\000S\000K\000\137\000D\000E\000F\000A\000U\000L\000T\000\137\000S\000T\000A\000C\000K\000\137\000S\000I\000Z\000E}{subsection.8.1.2}% 220
\BOOKMARK [3][-]{subsubsection.8.1.2.39}{\376\377\0008\000.\0001\000.\0002\000.\0003\0009\000\040\000T\000A\000S\000K\000\137\000M\000A\000X}{subsection.8.1.2}% 221
\BOOKMARK [3][-]{subsubsection.8.1.2.40}{\376\377\0008\000.\0001\000.\0002\000.\0004\0000\000\040\000T\000A\000S\000K\000\137\000M\000A\000X\000\137\000P\000R\000I\000O\000R\000I\000T\000I\000E\000S}{subsection.8.1.2}% 222
\BOOKMARK [3][-]{subsubsection.8.1.2.41}{\376\377\0008\000.\0001\000.\0002\000.\0004\0001\000\040\000T\000A\000S\000K\000\137\000M\000I\000N\000I\000M\000A\000L\000\137\000S\000T\000A\000C\000K\000\137\000S\000I\000Z\000E}{subsection.8.1.2}% 223
\BOOKMARK [3][-]{subsubsection.8.1.2.42}{\376\377\0008\000.\0001\000.\0002\000.\0004\0002\000\040\000T\000A\000S\000K\000\137\000P\000R\000I\000O\000R\000I\000T\000Y\000\137\000D\000E\000F\000A\000U\000L\000T}{subsection.8.1.2}% 224
\BOOKMARK [3][-]{subsubsection.8.1.2.43}{\376\377\0008\000.\0001\000.\0002\000.\0004\0003\000\040\000T\000A\000S\000K\000\137\000P\000R\000I\000O\000R\000I\000T\000Y\000\137\000H\000I\000G\000H\000E\000S\000T}{subsection.8.1.2}% 225
\BOOKMARK [3][-]{subsubsection.8.1.2.44}{\376\377\0008\000.\0001\000.\0002\000.\0004\0004\000\040\000T\000A\000S\000K\000\137\000P\000R\000I\000O\000R\000I\000T\000Y\000\137\000L\000O\000W\000E\000S\000T}{subsection.8.1.2}% 226
\BOOKMARK [3][-]{subsubsection.8.1.2.45}{\376\377\0008\000.\0001\000.\0002\000.\0004\0005\000\040\000T\000A\000S\000K\000\137\000R\000U\000N\000N\000A\000B\000L\000E}{subsection.8.1.2}% 227
\BOOKMARK [3][-]{subsubsection.8.1.2.46}{\376\377\0008\000.\0001\000.\0002\000.\0004\0006\000\040\000T\000A\000S\000K\000\137\000R\000U\000N\000N\000I\000N\000G}{subsection.8.1.2}% 228
\BOOKMARK [3][-]{subsubsection.8.1.2.47}{\376\377\0008\000.\0001\000.\0002\000.\0004\0007\000\040\000T\000A\000S\000K\000\137\000S\000L\000E\000E\000P\000I\000N\000G}{subsection.8.1.2}% 229
\BOOKMARK [3][-]{subsubsection.8.1.2.48}{\376\377\0008\000.\0001\000.\0002\000.\0004\0008\000\040\000T\000A\000S\000K\000\137\000S\000U\000S\000P\000E\000N\000D\000E\000D}{subsection.8.1.2}% 230
\BOOKMARK [3][-]{subsubsection.8.1.2.49}{\376\377\0008\000.\0001\000.\0002\000.\0004\0009\000\040\000u\000a\000r\000t\0001}{subsection.8.1.2}% 231
\BOOKMARK [3][-]{subsubsection.8.1.2.50}{\376\377\0008\000.\0001\000.\0002\000.\0005\0000\000\040\000u\000a\000r\000t\0002}{subsection.8.1.2}% 232
\BOOKMARK [2][-]{subsection.8.1.3}{\376\377\0008\000.\0001\000.\0003\000\040\000T\000y\000p\000e\000d\000e\000f\000\040\000D\000o\000c\000u\000m\000e\000n\000t\000a\000t\000i\000o\000n}{section.8.1}% 233
\BOOKMARK [3][-]{subsubsection.8.1.3.1}{\376\377\0008\000.\0001\000.\0003\000.\0001\000\040\000E\000n\000c\000o\000d\000e\000r}{subsection.8.1.3}% 234
\BOOKMARK [3][-]{subsubsection.8.1.3.2}{\376\377\0008\000.\0001\000.\0003\000.\0002\000\040\000G\000y\000r\000o}{subsection.8.1.3}% 235
\BOOKMARK [3][-]{subsubsection.8.1.3.3}{\376\377\0008\000.\0001\000.\0003\000.\0003\000\040\000I\000n\000t\000e\000r\000r\000u\000p\000t\000H\000a\000n\000d\000l\000e\000r}{subsection.8.1.3}% 236
\BOOKMARK [3][-]{subsubsection.8.1.3.4}{\376\377\0008\000.\0001\000.\0003\000.\0004\000\040\000M\000u\000t\000e\000x}{subsection.8.1.3}% 237
\BOOKMARK [3][-]{subsubsection.8.1.3.5}{\376\377\0008\000.\0001\000.\0003\000.\0005\000\040\000P\000R\000O\000S\000\137\000F\000I\000L\000E}{subsection.8.1.3}% 238
\BOOKMARK [3][-]{subsubsection.8.1.3.6}{\376\377\0008\000.\0001\000.\0003\000.\0006\000\040\000S\000e\000m\000a\000p\000h\000o\000r\000e}{subsection.8.1.3}% 239
\BOOKMARK [3][-]{subsubsection.8.1.3.7}{\376\377\0008\000.\0001\000.\0003\000.\0007\000\040\000T\000a\000s\000k\000C\000o\000d\000e}{subsection.8.1.3}% 240
\BOOKMARK [3][-]{subsubsection.8.1.3.8}{\376\377\0008\000.\0001\000.\0003\000.\0008\000\040\000T\000a\000s\000k\000H\000a\000n\000d\000l\000e}{subsection.8.1.3}% 241
\BOOKMARK [3][-]{subsubsection.8.1.3.9}{\376\377\0008\000.\0001\000.\0003\000.\0009\000\040\000U\000l\000t\000r\000a\000s\000o\000n\000i\000c}{subsection.8.1.3}% 242
\BOOKMARK [2][-]{subsection.8.1.4}{\376\377\0008\000.\0001\000.\0004\000\040\000F\000u\000n\000c\000t\000i\000o\000n\000\040\000D\000o\000c\000u\000m\000e\000n\000t\000a\000t\000i\000o\000n}{section.8.1}% 243
\BOOKMARK [3][-]{subsubsection.8.1.4.1}{\376\377\0008\000.\0001\000.\0004\000.\0001\000\040\000\137\000\137\000a\000t\000t\000r\000i\000b\000u\000t\000e\000\137\000\137\000\050\000\051}{subsection.8.1.4}% 244
\BOOKMARK [3][-]{subsubsection.8.1.4.2}{\376\377\0008\000.\0001\000.\0004\000.\0002\000\040\000a\000n\000a\000l\000o\000g\000C\000a\000l\000i\000b\000r\000a\000t\000e\000\050\000\051}{subsection.8.1.4}% 245
\BOOKMARK [3][-]{subsubsection.8.1.4.3}{\376\377\0008\000.\0001\000.\0004\000.\0003\000\040\000a\000n\000a\000l\000o\000g\000R\000e\000a\000d\000\050\000\051}{subsection.8.1.4}% 246
\BOOKMARK [3][-]{subsubsection.8.1.4.4}{\376\377\0008\000.\0001\000.\0004\000.\0004\000\040\000a\000n\000a\000l\000o\000g\000R\000e\000a\000d\000C\000a\000l\000i\000b\000r\000a\000t\000e\000d\000\050\000\051}{subsection.8.1.4}% 247
\BOOKMARK [3][-]{subsubsection.8.1.4.5}{\376\377\0008\000.\0001\000.\0004\000.\0005\000\040\000a\000n\000a\000l\000o\000g\000R\000e\000a\000d\000C\000a\000l\000i\000b\000r\000a\000t\000e\000d\000H\000R\000\050\000\051}{subsection.8.1.4}% 248
\BOOKMARK [3][-]{subsubsection.8.1.4.6}{\376\377\0008\000.\0001\000.\0004\000.\0006\000\040\000d\000e\000l\000a\000y\000\050\000\051}{subsection.8.1.4}% 249
\BOOKMARK [3][-]{subsubsection.8.1.4.7}{\376\377\0008\000.\0001\000.\0004\000.\0007\000\040\000d\000e\000l\000a\000y\000M\000i\000c\000r\000o\000s\000e\000c\000o\000n\000d\000s\000\050\000\051}{subsection.8.1.4}% 250
\BOOKMARK [3][-]{subsubsection.8.1.4.8}{\376\377\0008\000.\0001\000.\0004\000.\0008\000\040\000d\000i\000g\000i\000t\000a\000l\000R\000e\000a\000d\000\050\000\051}{subsection.8.1.4}% 251
\BOOKMARK [3][-]{subsubsection.8.1.4.9}{\376\377\0008\000.\0001\000.\0004\000.\0009\000\040\000d\000i\000g\000i\000t\000a\000l\000W\000r\000i\000t\000e\000\050\000\051}{subsection.8.1.4}% 252
\BOOKMARK [3][-]{subsubsection.8.1.4.10}{\376\377\0008\000.\0001\000.\0004\000.\0001\0000\000\040\000e\000n\000c\000o\000d\000e\000r\000G\000e\000t\000\050\000\051}{subsection.8.1.4}% 253
\BOOKMARK [3][-]{subsubsection.8.1.4.11}{\376\377\0008\000.\0001\000.\0004\000.\0001\0001\000\040\000e\000n\000c\000o\000d\000e\000r\000I\000n\000i\000t\000\050\000\051}{subsection.8.1.4}% 254
\BOOKMARK [3][-]{subsubsection.8.1.4.12}{\376\377\0008\000.\0001\000.\0004\000.\0001\0002\000\040\000e\000n\000c\000o\000d\000e\000r\000R\000e\000s\000e\000t\000\050\000\051}{subsection.8.1.4}% 255
\BOOKMARK [3][-]{subsubsection.8.1.4.13}{\376\377\0008\000.\0001\000.\0004\000.\0001\0003\000\040\000e\000n\000c\000o\000d\000e\000r\000S\000h\000u\000t\000d\000o\000w\000n\000\050\000\051}{subsection.8.1.4}% 256
\BOOKMARK [3][-]{subsubsection.8.1.4.14}{\376\377\0008\000.\0001\000.\0004\000.\0001\0004\000\040\000f\000c\000l\000o\000s\000e\000\050\000\051}{subsection.8.1.4}% 257
\BOOKMARK [3][-]{subsubsection.8.1.4.15}{\376\377\0008\000.\0001\000.\0004\000.\0001\0005\000\040\000f\000c\000o\000u\000n\000t\000\050\000\051}{subsection.8.1.4}% 258
\BOOKMARK [3][-]{subsubsection.8.1.4.16}{\376\377\0008\000.\0001\000.\0004\000.\0001\0006\000\040\000f\000d\000e\000l\000e\000t\000e\000\050\000\051}{subsection.8.1.4}% 259
\BOOKMARK [3][-]{subsubsection.8.1.4.17}{\376\377\0008\000.\0001\000.\0004\000.\0001\0007\000\040\000f\000e\000o\000f\000\050\000\051}{subsection.8.1.4}% 260
\BOOKMARK [3][-]{subsubsection.8.1.4.18}{\376\377\0008\000.\0001\000.\0004\000.\0001\0008\000\040\000f\000f\000l\000u\000s\000h\000\050\000\051}{subsection.8.1.4}% 261
\BOOKMARK [3][-]{subsubsection.8.1.4.19}{\376\377\0008\000.\0001\000.\0004\000.\0001\0009\000\040\000f\000g\000e\000t\000c\000\050\000\051}{subsection.8.1.4}% 262
\BOOKMARK [3][-]{subsubsection.8.1.4.20}{\376\377\0008\000.\0001\000.\0004\000.\0002\0000\000\040\000f\000g\000e\000t\000s\000\050\000\051}{subsection.8.1.4}% 263
\BOOKMARK [3][-]{subsubsection.8.1.4.21}{\376\377\0008\000.\0001\000.\0004\000.\0002\0001\000\040\000f\000o\000p\000e\000n\000\050\000\051}{subsection.8.1.4}% 264
\BOOKMARK [3][-]{subsubsection.8.1.4.22}{\376\377\0008\000.\0001\000.\0004\000.\0002\0002\000\040\000f\000p\000r\000i\000n\000t\000\050\000\051}{subsection.8.1.4}% 265
\BOOKMARK [3][-]{subsubsection.8.1.4.23}{\376\377\0008\000.\0001\000.\0004\000.\0002\0003\000\040\000f\000p\000r\000i\000n\000t\000f\000\050\000\051}{subsection.8.1.4}% 266
\BOOKMARK [3][-]{subsubsection.8.1.4.24}{\376\377\0008\000.\0001\000.\0004\000.\0002\0004\000\040\000f\000p\000u\000t\000c\000\050\000\051}{subsection.8.1.4}% 267
\BOOKMARK [3][-]{subsubsection.8.1.4.25}{\376\377\0008\000.\0001\000.\0004\000.\0002\0005\000\040\000f\000p\000u\000t\000s\000\050\000\051}{subsection.8.1.4}% 268
\BOOKMARK [3][-]{subsubsection.8.1.4.26}{\376\377\0008\000.\0001\000.\0004\000.\0002\0006\000\040\000f\000r\000e\000a\000d\000\050\000\051}{subsection.8.1.4}% 269
\BOOKMARK [3][-]{subsubsection.8.1.4.27}{\376\377\0008\000.\0001\000.\0004\000.\0002\0007\000\040\000f\000s\000e\000e\000k\000\050\000\051}{subsection.8.1.4}% 270
\BOOKMARK [3][-]{subsubsection.8.1.4.28}{\376\377\0008\000.\0001\000.\0004\000.\0002\0008\000\040\000f\000t\000e\000l\000l\000\050\000\051}{subsection.8.1.4}% 271
\BOOKMARK [3][-]{subsubsection.8.1.4.29}{\376\377\0008\000.\0001\000.\0004\000.\0002\0009\000\040\000f\000w\000r\000i\000t\000e\000\050\000\051}{subsection.8.1.4}% 272
\BOOKMARK [3][-]{subsubsection.8.1.4.30}{\376\377\0008\000.\0001\000.\0004\000.\0003\0000\000\040\000g\000e\000t\000c\000h\000a\000r\000\050\000\051}{subsection.8.1.4}% 273
\BOOKMARK [3][-]{subsubsection.8.1.4.31}{\376\377\0008\000.\0001\000.\0004\000.\0003\0001\000\040\000g\000y\000r\000o\000G\000e\000t\000\050\000\051}{subsection.8.1.4}% 274
\BOOKMARK [3][-]{subsubsection.8.1.4.32}{\376\377\0008\000.\0001\000.\0004\000.\0003\0002\000\040\000g\000y\000r\000o\000I\000n\000i\000t\000\050\000\051}{subsection.8.1.4}% 275
\BOOKMARK [3][-]{subsubsection.8.1.4.33}{\376\377\0008\000.\0001\000.\0004\000.\0003\0003\000\040\000g\000y\000r\000o\000R\000e\000s\000e\000t\000\050\000\051}{subsection.8.1.4}% 276
\BOOKMARK [3][-]{subsubsection.8.1.4.34}{\376\377\0008\000.\0001\000.\0004\000.\0003\0004\000\040\000g\000y\000r\000o\000S\000h\000u\000t\000d\000o\000w\000n\000\050\000\051}{subsection.8.1.4}% 277
\BOOKMARK [3][-]{subsubsection.8.1.4.35}{\376\377\0008\000.\0001\000.\0004\000.\0003\0005\000\040\000i\0002\000c\000R\000e\000a\000d\000\050\000\051}{subsection.8.1.4}% 278
\BOOKMARK [3][-]{subsubsection.8.1.4.36}{\376\377\0008\000.\0001\000.\0004\000.\0003\0006\000\040\000i\0002\000c\000R\000e\000a\000d\000R\000e\000g\000i\000s\000t\000e\000r\000\050\000\051}{subsection.8.1.4}% 279
\BOOKMARK [3][-]{subsubsection.8.1.4.37}{\376\377\0008\000.\0001\000.\0004\000.\0003\0007\000\040\000i\0002\000c\000W\000r\000i\000t\000e\000\050\000\051}{subsection.8.1.4}% 280
\BOOKMARK [3][-]{subsubsection.8.1.4.38}{\376\377\0008\000.\0001\000.\0004\000.\0003\0008\000\040\000i\0002\000c\000W\000r\000i\000t\000e\000R\000e\000g\000i\000s\000t\000e\000r\000\050\000\051}{subsection.8.1.4}% 281
\BOOKMARK [3][-]{subsubsection.8.1.4.39}{\376\377\0008\000.\0001\000.\0004\000.\0003\0009\000\040\000i\000m\000e\000G\000e\000t\000\050\000\051}{subsection.8.1.4}% 282
\BOOKMARK [3][-]{subsubsection.8.1.4.40}{\376\377\0008\000.\0001\000.\0004\000.\0004\0000\000\040\000i\000m\000e\000G\000e\000t\000V\000e\000l\000o\000c\000i\000t\000y\000\050\000\051}{subsection.8.1.4}% 283
\BOOKMARK [3][-]{subsubsection.8.1.4.41}{\376\377\0008\000.\0001\000.\0004\000.\0004\0001\000\040\000i\000m\000e\000I\000n\000i\000t\000i\000a\000l\000i\000z\000e\000A\000l\000l\000\050\000\051}{subsection.8.1.4}% 284
\BOOKMARK [3][-]{subsubsection.8.1.4.42}{\376\377\0008\000.\0001\000.\0004\000.\0004\0002\000\040\000i\000m\000e\000R\000e\000s\000e\000t\000\050\000\051}{subsection.8.1.4}% 285
\BOOKMARK [3][-]{subsubsection.8.1.4.43}{\376\377\0008\000.\0001\000.\0004\000.\0004\0003\000\040\000i\000m\000e\000S\000h\000u\000t\000d\000o\000w\000n\000\050\000\051}{subsection.8.1.4}% 286
\BOOKMARK [3][-]{subsubsection.8.1.4.44}{\376\377\0008\000.\0001\000.\0004\000.\0004\0004\000\040\000i\000o\000C\000l\000e\000a\000r\000I\000n\000t\000e\000r\000r\000u\000p\000t\000\050\000\051}{subsection.8.1.4}% 287
\BOOKMARK [3][-]{subsubsection.8.1.4.45}{\376\377\0008\000.\0001\000.\0004\000.\0004\0005\000\040\000i\000o\000S\000e\000t\000I\000n\000t\000e\000r\000r\000u\000p\000t\000\050\000\051}{subsection.8.1.4}% 288
\BOOKMARK [3][-]{subsubsection.8.1.4.46}{\376\377\0008\000.\0001\000.\0004\000.\0004\0006\000\040\000i\000s\000A\000u\000t\000o\000n\000o\000m\000o\000u\000s\000\050\000\051}{subsection.8.1.4}% 289
\BOOKMARK [3][-]{subsubsection.8.1.4.47}{\376\377\0008\000.\0001\000.\0004\000.\0004\0007\000\040\000i\000s\000E\000n\000a\000b\000l\000e\000d\000\050\000\051}{subsection.8.1.4}% 290
\BOOKMARK [3][-]{subsubsection.8.1.4.48}{\376\377\0008\000.\0001\000.\0004\000.\0004\0008\000\040\000i\000s\000J\000o\000y\000s\000t\000i\000c\000k\000C\000o\000n\000n\000e\000c\000t\000e\000d\000\050\000\051}{subsection.8.1.4}% 291
\BOOKMARK [3][-]{subsubsection.8.1.4.49}{\376\377\0008\000.\0001\000.\0004\000.\0004\0009\000\040\000i\000s\000O\000n\000l\000i\000n\000e\000\050\000\051}{subsection.8.1.4}% 292
\BOOKMARK [3][-]{subsubsection.8.1.4.50}{\376\377\0008\000.\0001\000.\0004\000.\0005\0000\000\040\000i\000w\000d\000g\000E\000n\000a\000b\000l\000e\000\050\000\051}{subsection.8.1.4}% 293
\BOOKMARK [3][-]{subsubsection.8.1.4.51}{\376\377\0008\000.\0001\000.\0004\000.\0005\0001\000\040\000j\000o\000y\000s\000t\000i\000c\000k\000G\000e\000t\000A\000n\000a\000l\000o\000g\000\050\000\051}{subsection.8.1.4}% 294
\BOOKMARK [3][-]{subsubsection.8.1.4.52}{\376\377\0008\000.\0001\000.\0004\000.\0005\0002\000\040\000j\000o\000y\000s\000t\000i\000c\000k\000G\000e\000t\000D\000i\000g\000i\000t\000a\000l\000\050\000\051}{subsection.8.1.4}% 295
\BOOKMARK [3][-]{subsubsection.8.1.4.53}{\376\377\0008\000.\0001\000.\0004\000.\0005\0003\000\040\000l\000c\000d\000C\000l\000e\000a\000r\000\050\000\051}{subsection.8.1.4}% 296
\BOOKMARK [3][-]{subsubsection.8.1.4.54}{\376\377\0008\000.\0001\000.\0004\000.\0005\0004\000\040\000l\000c\000d\000I\000n\000i\000t\000\050\000\051}{subsection.8.1.4}% 297
\BOOKMARK [3][-]{subsubsection.8.1.4.55}{\376\377\0008\000.\0001\000.\0004\000.\0005\0005\000\040\000l\000c\000d\000R\000e\000a\000d\000B\000u\000t\000t\000o\000n\000s\000\050\000\051}{subsection.8.1.4}% 298
\BOOKMARK [3][-]{subsubsection.8.1.4.56}{\376\377\0008\000.\0001\000.\0004\000.\0005\0006\000\040\000l\000c\000d\000S\000e\000t\000B\000a\000c\000k\000l\000i\000g\000h\000t\000\050\000\051}{subsection.8.1.4}% 299
\BOOKMARK [3][-]{subsubsection.8.1.4.57}{\376\377\0008\000.\0001\000.\0004\000.\0005\0007\000\040\000l\000c\000d\000S\000e\000t\000T\000e\000x\000t\000\050\000\051}{subsection.8.1.4}% 300
\BOOKMARK [3][-]{subsubsection.8.1.4.58}{\376\377\0008\000.\0001\000.\0004\000.\0005\0008\000\040\000l\000c\000d\000S\000h\000u\000t\000d\000o\000w\000n\000\050\000\051}{subsection.8.1.4}% 301
\BOOKMARK [3][-]{subsubsection.8.1.4.59}{\376\377\0008\000.\0001\000.\0004\000.\0005\0009\000\040\000m\000i\000c\000r\000o\000s\000\050\000\051}{subsection.8.1.4}% 302
\BOOKMARK [3][-]{subsubsection.8.1.4.60}{\376\377\0008\000.\0001\000.\0004\000.\0006\0000\000\040\000m\000i\000l\000l\000i\000s\000\050\000\051}{subsection.8.1.4}% 303
\BOOKMARK [3][-]{subsubsection.8.1.4.61}{\376\377\0008\000.\0001\000.\0004\000.\0006\0001\000\040\000m\000o\000t\000o\000r\000G\000e\000t\000\050\000\051}{subsection.8.1.4}% 304
\BOOKMARK [3][-]{subsubsection.8.1.4.62}{\376\377\0008\000.\0001\000.\0004\000.\0006\0002\000\040\000m\000o\000t\000o\000r\000S\000e\000t\000\050\000\051}{subsection.8.1.4}% 305
\BOOKMARK [3][-]{subsubsection.8.1.4.63}{\376\377\0008\000.\0001\000.\0004\000.\0006\0003\000\040\000m\000o\000t\000o\000r\000S\000t\000o\000p\000\050\000\051}{subsection.8.1.4}% 306
\BOOKMARK [3][-]{subsubsection.8.1.4.64}{\376\377\0008\000.\0001\000.\0004\000.\0006\0004\000\040\000m\000o\000t\000o\000r\000S\000t\000o\000p\000A\000l\000l\000\050\000\051}{subsection.8.1.4}% 307
\BOOKMARK [3][-]{subsubsection.8.1.4.65}{\376\377\0008\000.\0001\000.\0004\000.\0006\0005\000\040\000m\000u\000t\000e\000x\000C\000r\000e\000a\000t\000e\000\050\000\051}{subsection.8.1.4}% 308
\BOOKMARK [3][-]{subsubsection.8.1.4.66}{\376\377\0008\000.\0001\000.\0004\000.\0006\0006\000\040\000m\000u\000t\000e\000x\000D\000e\000l\000e\000t\000e\000\050\000\051}{subsection.8.1.4}% 309
\BOOKMARK [3][-]{subsubsection.8.1.4.67}{\376\377\0008\000.\0001\000.\0004\000.\0006\0007\000\040\000m\000u\000t\000e\000x\000G\000i\000v\000e\000\050\000\051}{subsection.8.1.4}% 310
\BOOKMARK [3][-]{subsubsection.8.1.4.68}{\376\377\0008\000.\0001\000.\0004\000.\0006\0008\000\040\000m\000u\000t\000e\000x\000T\000a\000k\000e\000\050\000\051}{subsection.8.1.4}% 311
\BOOKMARK [3][-]{subsubsection.8.1.4.69}{\376\377\0008\000.\0001\000.\0004\000.\0006\0009\000\040\000p\000i\000n\000M\000o\000d\000e\000\050\000\051}{subsection.8.1.4}% 312
\BOOKMARK [3][-]{subsubsection.8.1.4.70}{\376\377\0008\000.\0001\000.\0004\000.\0007\0000\000\040\000p\000o\000w\000e\000r\000L\000e\000v\000e\000l\000B\000a\000c\000k\000u\000p\000\050\000\051}{subsection.8.1.4}% 313
\BOOKMARK [3][-]{subsubsection.8.1.4.71}{\376\377\0008\000.\0001\000.\0004\000.\0007\0001\000\040\000p\000o\000w\000e\000r\000L\000e\000v\000e\000l\000M\000a\000i\000n\000\050\000\051}{subsection.8.1.4}% 314
\BOOKMARK [3][-]{subsubsection.8.1.4.72}{\376\377\0008\000.\0001\000.\0004\000.\0007\0002\000\040\000p\000r\000i\000n\000t\000\050\000\051}{subsection.8.1.4}% 315
\BOOKMARK [3][-]{subsubsection.8.1.4.73}{\376\377\0008\000.\0001\000.\0004\000.\0007\0003\000\040\000p\000r\000i\000n\000t\000f\000\050\000\051}{subsection.8.1.4}% 316
\BOOKMARK [3][-]{subsubsection.8.1.4.74}{\376\377\0008\000.\0001\000.\0004\000.\0007\0004\000\040\000p\000u\000t\000c\000h\000a\000r\000\050\000\051}{subsection.8.1.4}% 317
\BOOKMARK [3][-]{subsubsection.8.1.4.75}{\376\377\0008\000.\0001\000.\0004\000.\0007\0005\000\040\000p\000u\000t\000s\000\050\000\051}{subsection.8.1.4}% 318
\BOOKMARK [3][-]{subsubsection.8.1.4.76}{\376\377\0008\000.\0001\000.\0004\000.\0007\0006\000\040\000s\000e\000m\000a\000p\000h\000o\000r\000e\000C\000r\000e\000a\000t\000e\000\050\000\051}{subsection.8.1.4}% 319
\BOOKMARK [3][-]{subsubsection.8.1.4.77}{\376\377\0008\000.\0001\000.\0004\000.\0007\0007\000\040\000s\000e\000m\000a\000p\000h\000o\000r\000e\000D\000e\000l\000e\000t\000e\000\050\000\051}{subsection.8.1.4}% 320
\BOOKMARK [3][-]{subsubsection.8.1.4.78}{\376\377\0008\000.\0001\000.\0004\000.\0007\0008\000\040\000s\000e\000m\000a\000p\000h\000o\000r\000e\000G\000i\000v\000e\000\050\000\051}{subsection.8.1.4}% 321
\BOOKMARK [3][-]{subsubsection.8.1.4.79}{\376\377\0008\000.\0001\000.\0004\000.\0007\0009\000\040\000s\000e\000m\000a\000p\000h\000o\000r\000e\000T\000a\000k\000e\000\050\000\051}{subsection.8.1.4}% 322
\BOOKMARK [3][-]{subsubsection.8.1.4.80}{\376\377\0008\000.\0001\000.\0004\000.\0008\0000\000\040\000s\000e\000t\000T\000e\000a\000m\000N\000a\000m\000e\000\050\000\051}{subsection.8.1.4}% 323
\BOOKMARK [3][-]{subsubsection.8.1.4.81}{\376\377\0008\000.\0001\000.\0004\000.\0008\0001\000\040\000s\000n\000p\000r\000i\000n\000t\000f\000\050\000\051}{subsection.8.1.4}% 324
\BOOKMARK [3][-]{subsubsection.8.1.4.82}{\376\377\0008\000.\0001\000.\0004\000.\0008\0002\000\040\000s\000p\000e\000a\000k\000e\000r\000I\000n\000i\000t\000\050\000\051}{subsection.8.1.4}% 325
\BOOKMARK [3][-]{subsubsection.8.1.4.83}{\376\377\0008\000.\0001\000.\0004\000.\0008\0003\000\040\000s\000p\000e\000a\000k\000e\000r\000P\000l\000a\000y\000A\000r\000r\000a\000y\000\050\000\051}{subsection.8.1.4}% 326
\BOOKMARK [3][-]{subsubsection.8.1.4.84}{\376\377\0008\000.\0001\000.\0004\000.\0008\0004\000\040\000s\000p\000e\000a\000k\000e\000r\000P\000l\000a\000y\000R\000t\000t\000t\000l\000\050\000\051}{subsection.8.1.4}% 327
\BOOKMARK [3][-]{subsubsection.8.1.4.85}{\376\377\0008\000.\0001\000.\0004\000.\0008\0005\000\040\000s\000p\000e\000a\000k\000e\000r\000S\000h\000u\000t\000d\000o\000w\000n\000\050\000\051}{subsection.8.1.4}% 328
\BOOKMARK [3][-]{subsubsection.8.1.4.86}{\376\377\0008\000.\0001\000.\0004\000.\0008\0006\000\040\000s\000p\000r\000i\000n\000t\000f\000\050\000\051}{subsection.8.1.4}% 329
\BOOKMARK [3][-]{subsubsection.8.1.4.87}{\376\377\0008\000.\0001\000.\0004\000.\0008\0007\000\040\000t\000a\000s\000k\000C\000r\000e\000a\000t\000e\000\050\000\051}{subsection.8.1.4}% 330
\BOOKMARK [3][-]{subsubsection.8.1.4.88}{\376\377\0008\000.\0001\000.\0004\000.\0008\0008\000\040\000t\000a\000s\000k\000D\000e\000l\000a\000y\000\050\000\051}{subsection.8.1.4}% 331
\BOOKMARK [3][-]{subsubsection.8.1.4.89}{\376\377\0008\000.\0001\000.\0004\000.\0008\0009\000\040\000t\000a\000s\000k\000D\000e\000l\000a\000y\000U\000n\000t\000i\000l\000\050\000\051}{subsection.8.1.4}% 332
\BOOKMARK [3][-]{subsubsection.8.1.4.90}{\376\377\0008\000.\0001\000.\0004\000.\0009\0000\000\040\000t\000a\000s\000k\000D\000e\000l\000e\000t\000e\000\050\000\051}{subsection.8.1.4}% 333
\BOOKMARK [3][-]{subsubsection.8.1.4.91}{\376\377\0008\000.\0001\000.\0004\000.\0009\0001\000\040\000t\000a\000s\000k\000G\000e\000t\000C\000o\000u\000n\000t\000\050\000\051}{subsection.8.1.4}% 334
\BOOKMARK [3][-]{subsubsection.8.1.4.92}{\376\377\0008\000.\0001\000.\0004\000.\0009\0002\000\040\000t\000a\000s\000k\000G\000e\000t\000S\000t\000a\000t\000e\000\050\000\051}{subsection.8.1.4}% 335
\BOOKMARK [3][-]{subsubsection.8.1.4.93}{\376\377\0008\000.\0001\000.\0004\000.\0009\0003\000\040\000t\000a\000s\000k\000P\000r\000i\000o\000r\000i\000t\000y\000G\000e\000t\000\050\000\051}{subsection.8.1.4}% 336
\BOOKMARK [3][-]{subsubsection.8.1.4.94}{\376\377\0008\000.\0001\000.\0004\000.\0009\0004\000\040\000t\000a\000s\000k\000P\000r\000i\000o\000r\000i\000t\000y\000S\000e\000t\000\050\000\051}{subsection.8.1.4}% 337
\BOOKMARK [3][-]{subsubsection.8.1.4.95}{\376\377\0008\000.\0001\000.\0004\000.\0009\0005\000\040\000t\000a\000s\000k\000R\000e\000s\000u\000m\000e\000\050\000\051}{subsection.8.1.4}% 338
\BOOKMARK [3][-]{subsubsection.8.1.4.96}{\376\377\0008\000.\0001\000.\0004\000.\0009\0006\000\040\000t\000a\000s\000k\000R\000u\000n\000L\000o\000o\000p\000\050\000\051}{subsection.8.1.4}% 339
\BOOKMARK [3][-]{subsubsection.8.1.4.97}{\376\377\0008\000.\0001\000.\0004\000.\0009\0007\000\040\000t\000a\000s\000k\000S\000u\000s\000p\000e\000n\000d\000\050\000\051}{subsection.8.1.4}% 340
\BOOKMARK [3][-]{subsubsection.8.1.4.98}{\376\377\0008\000.\0001\000.\0004\000.\0009\0008\000\040\000u\000l\000t\000r\000a\000s\000o\000n\000i\000c\000G\000e\000t\000\050\000\051}{subsection.8.1.4}% 341
\BOOKMARK [3][-]{subsubsection.8.1.4.99}{\376\377\0008\000.\0001\000.\0004\000.\0009\0009\000\040\000u\000l\000t\000r\000a\000s\000o\000n\000i\000c\000I\000n\000i\000t\000\050\000\051}{subsection.8.1.4}% 342
\BOOKMARK [3][-]{subsubsection.8.1.4.100}{\376\377\0008\000.\0001\000.\0004\000.\0001\0000\0000\000\040\000u\000l\000t\000r\000a\000s\000o\000n\000i\000c\000S\000h\000u\000t\000d\000o\000w\000n\000\050\000\051}{subsection.8.1.4}% 343
\BOOKMARK [3][-]{subsubsection.8.1.4.101}{\376\377\0008\000.\0001\000.\0004\000.\0001\0000\0001\000\040\000u\000s\000a\000r\000t\000I\000n\000i\000t\000\050\000\051}{subsection.8.1.4}% 344
\BOOKMARK [3][-]{subsubsection.8.1.4.102}{\376\377\0008\000.\0001\000.\0004\000.\0001\0000\0002\000\040\000u\000s\000a\000r\000t\000S\000h\000u\000t\000d\000o\000w\000n\000\050\000\051}{subsection.8.1.4}% 345
\BOOKMARK [3][-]{subsubsection.8.1.4.103}{\376\377\0008\000.\0001\000.\0004\000.\0001\0000\0003\000\040\000w\000a\000i\000t\000\050\000\051}{subsection.8.1.4}% 346
\BOOKMARK [3][-]{subsubsection.8.1.4.104}{\376\377\0008\000.\0001\000.\0004\000.\0001\0000\0004\000\040\000w\000a\000i\000t\000U\000n\000t\000i\000l\000\050\000\051}{subsection.8.1.4}% 347
\BOOKMARK [1][-]{section.8.2}{\376\377\0008\000.\0002\000\040\000i\000n\000c\000l\000u\000d\000e\000/\000m\000a\000i\000n\000.\000h\000\040\000F\000i\000l\000e\000\040\000R\000e\000f\000e\000r\000e\000n\000c\000e}{chapter.8}% 348
\BOOKMARK [2][-]{subsection.8.2.1}{\376\377\0008\000.\0002\000.\0001\000\040\000D\000e\000t\000a\000i\000l\000e\000d\000\040\000D\000e\000s\000c\000r\000i\000p\000t\000i\000o\000n}{section.8.2}% 349
\BOOKMARK [2][-]{subsection.8.2.2}{\376\377\0008\000.\0002\000.\0002\000\040\000F\000u\000n\000c\000t\000i\000o\000n\000\040\000D\000o\000c\000u\000m\000e\000n\000t\000a\000t\000i\000o\000n}{section.8.2}% 350
\BOOKMARK [3][-]{subsubsection.8.2.2.1}{\376\377\0008\000.\0002\000.\0002\000.\0001\000\040\000a\000u\000t\000o\000n\000o\000m\000o\000u\000s\000\050\000\051}{subsection.8.2.2}% 351
\BOOKMARK [3][-]{subsubsection.8.2.2.2}{\376\377\0008\000.\0002\000.\0002\000.\0002\000\040\000i\000n\000i\000t\000i\000a\000l\000i\000z\000e\000\050\000\051}{subsection.8.2.2}% 352
\BOOKMARK [3][-]{subsubsection.8.2.2.3}{\376\377\0008\000.\0002\000.\0002\000.\0003\000\040\000i\000n\000i\000t\000i\000a\000l\000i\000z\000e\000I\000O\000\050\000\051}{subsection.8.2.2}% 353
\BOOKMARK [3][-]{subsubsection.8.2.2.4}{\376\377\0008\000.\0002\000.\0002\000.\0004\000\040\000o\000p\000e\000r\000a\000t\000o\000r\000C\000o\000n\000t\000r\000o\000l\000\050\000\051}{subsection.8.2.2}% 354
